  源.cpp
e:\vs code\单链表\单链表\源.cpp(37): warning C4996: 'scanf': This function or variable may be unsafe. Consider using scanf_s instead. To disable deprecation, use _CRT_SECURE_NO_WARNINGS. See online help for details.
  e:\windows kits\10\include\10.0.17134.0\ucrt\stdio.h(1274): note: 参见“scanf”的声明
e:\vs code\单链表\单链表\源.cpp(47): warning C4996: 'scanf': This function or variable may be unsafe. Consider using scanf_s instead. To disable deprecation, use _CRT_SECURE_NO_WARNINGS. See online help for details.
  e:\windows kits\10\include\10.0.17134.0\ucrt\stdio.h(1274): note: 参见“scanf”的声明
e:\vs code\单链表\单链表\源.cpp(198): warning C4996: 'scanf': This function or variable may be unsafe. Consider using scanf_s instead. To disable deprecation, use _CRT_SECURE_NO_WARNINGS. See online help for details.
  e:\windows kits\10\include\10.0.17134.0\ucrt\stdio.h(1274): note: 参见“scanf”的声明
e:\vs code\单链表\单链表\源.cpp(219): warning C4996: 'scanf': This function or variable may be unsafe. Consider using scanf_s instead. To disable deprecation, use _CRT_SECURE_NO_WARNINGS. See online help for details.
  e:\windows kits\10\include\10.0.17134.0\ucrt\stdio.h(1274): note: 参见“scanf”的声明
e:\vs code\单链表\单链表\源.cpp(226): warning C4996: 'scanf': This function or variable may be unsafe. Consider using scanf_s instead. To disable deprecation, use _CRT_SECURE_NO_WARNINGS. See online help for details.
  e:\windows kits\10\include\10.0.17134.0\ucrt\stdio.h(1274): note: 参见“scanf”的声明
e:\vs code\单链表\单链表\源.cpp(231): warning C4996: 'scanf': This function or variable may be unsafe. Consider using scanf_s instead. To disable deprecation, use _CRT_SECURE_NO_WARNINGS. See online help for details.
  e:\windows kits\10\include\10.0.17134.0\ucrt\stdio.h(1274): note: 参见“scanf”的声明
e:\vs code\单链表\单链表\源.cpp(234): warning C4996: 'scanf': This function or variable may be unsafe. Consider using scanf_s instead. To disable deprecation, use _CRT_SECURE_NO_WARNINGS. See online help for details.
  e:\windows kits\10\include\10.0.17134.0\ucrt\stdio.h(1274): note: 参见“scanf”的声明
e:\vs code\单链表\单链表\源.cpp(239): warning C4996: 'scanf': This function or variable may be unsafe. Consider using scanf_s instead. To disable deprecation, use _CRT_SECURE_NO_WARNINGS. See online help for details.
  e:\windows kits\10\include\10.0.17134.0\ucrt\stdio.h(1274): note: 参见“scanf”的声明
e:\vs code\单链表\单链表\源.cpp(191): warning C4101: “head”: 未引用的局部变量
  源1.cpp
  正在生成代码...
  单链表.vcxproj -> E:\VS code\单链表\Debug\单链表.exe
